Tue Mar 10 15:57:47 2020       
+-----------------------------------------------------------------------------+
| NVIDIA-SMI 440.36       Driver Version: 440.36       CUDA Version: 10.2     |
|-------------------------------+----------------------+----------------------+
| GPU  Name        Persistence-M| Bus-Id        Disp.A | Volatile Uncorr. ECC |
| Fan  Temp  Perf  Pwr:Usage/Cap|         Memory-Usage | GPU-Util  Compute M. |
|===============================+======================+======================|
|   0  Tesla V100-SXM2...  On   | 00000000:3B:00.0 Off |                    0 |
| N/A   29C    P0    42W / 300W |      0MiB / 32510MiB |      0%   E. Process |
+-------------------------------+----------------------+----------------------+
                                                                               
+-----------------------------------------------------------------------------+
| Processes:                                                       GPU Memory |
|  GPU       PID   Type   Process name                             Usage      |
|=============================================================================|
|  No running processes found                                                 |
+-----------------------------------------------------------------------------+
/appl/cuda/10.2/samples/NVIDIA_CUDA-10.2_Samples/bin/x86_64/linux/release/deviceQuery Starting...

 CUDA Device Query (Runtime API) version (CUDART static linking)

Detected 1 CUDA Capable device(s)

Device 0: "Tesla V100-SXM2-32GB"
  CUDA Driver Version / Runtime Version          10.2 / 10.2
  CUDA Capability Major/Minor version number:    7.0
  Total amount of global memory:                 32510 MBytes (34089730048 bytes)
  (80) Multiprocessors, ( 64) CUDA Cores/MP:     5120 CUDA Cores
  GPU Max Clock rate:                            1530 MHz (1.53 GHz)
  Memory Clock rate:                             877 Mhz
  Memory Bus Width:                              4096-bit
  L2 Cache Size:                                 6291456 bytes
  Maximum Texture Dimension Size (x,y,z)         1D=(131072), 2D=(131072, 65536), 3D=(16384, 16384, 16384)
  Maximum Layered 1D Texture Size, (num) layers  1D=(32768), 2048 layers
  Maximum Layered 2D Texture Size, (num) layers  2D=(32768, 32768), 2048 layers
  Total amount of constant memory:               65536 bytes
  Total amount of shared memory per block:       49152 bytes
  Total number of registers available per block: 65536
  Warp size:                                     32
  Maximum number of threads per multiprocessor:  2048
  Maximum number of threads per block:           1024
  Max dimension size of a thread block (x,y,z): (1024, 1024, 64)
  Max dimension size of a grid size    (x,y,z): (2147483647, 65535, 65535)
  Maximum memory pitch:                          2147483647 bytes
  Texture alignment:                             512 bytes
  Concurrent copy and kernel execution:          Yes with 5 copy engine(s)
  Run time limit on kernels:                     No
  Integrated GPU sharing Host Memory:            No
  Support host page-locked memory mapping:       Yes
  Alignment requirement for Surfaces:            Yes
  Device has ECC support:                        Enabled
  Device supports Unified Addressing (UVA):      Yes
  Device supports Compute Preemption:            Yes
  Supports Cooperative Kernel Launch:            Yes
  Supports MultiDevice Co-op Kernel Launch:      Yes
  Device PCI Domain ID / Bus ID / location ID:   0 / 59 / 0
  Compute Mode:
     < Exclusive Process (many threads in one process is able to use ::cudaSetDevice() with this device) >

deviceQuery, CUDA Driver = CUDART, CUDA Driver Version = 10.2, CUDA Runtime Version = 10.2, NumDevs = 1
Result = PASS
Dataset initiated
Compute device: 
cuda:0
----Training begun----
[Epoch, Entry] - Loss
[1,     1]      1.799
[1,     2]      1.764
[1,     3]      1.718
[1,     4]      1.603
[1,     5]      1.354
[1,     6]      1.089
[1,     7]      1.058
[1,     8]      1.149
[1,     9]      1.059
[1,    10]      1.054
[1,    11]      1.052
[1,    12]      1.049
[1,    13]      1.050
[1,    14]      1.049
[1,    15]      1.052
[1,    16]      1.048
[1,    17]      1.048
[1,    18]      1.049
[1,    19]      1.048
[1,    20]      1.047
[1,    21]      1.050
[1,    22]      1.049
[1,    23]      1.051
Epoch no 1 finished
Validation error after epoch 1 is: 1.048
[2,     1]      1.047
[2,     2]      1.047
[2,     3]      1.049
[2,     4]      1.047
[2,     5]      1.050
[2,     6]      1.046
[2,     7]      1.048
[2,     8]      1.047
[2,     9]      1.048
[2,    10]      1.047
[2,    11]      1.049
[2,    12]      1.048
[2,    13]      1.049
[2,    14]      1.048
[2,    15]      1.052
[2,    16]      1.051
[2,    17]      1.049
[2,    18]      1.050
[2,    19]      1.047
[2,    20]      1.046
[2,    21]      1.047
[2,    22]      1.046
[2,    23]      1.047
Epoch no 2 finished
Validation error after epoch 2 is: 1.048
[3,     1]      1.049
[3,     2]      1.049
[3,     3]      1.047
[3,     4]      1.048
[3,     5]      1.046
[3,     6]      1.048
[3,     7]      1.047
[3,     8]      1.047
[3,     9]      1.047
[3,    10]      1.046
[3,    11]      1.050
[3,    12]      1.049
[3,    13]      1.046
[3,    14]      1.047
[3,    15]      1.049
[3,    16]      1.052
[3,    17]      1.049
[3,    18]      1.048
[3,    19]      1.047
[3,    20]      1.048
[3,    21]      1.047
[3,    22]      1.046
[3,    23]      1.051
Epoch no 3 finished
Validation error after epoch 3 is: 1.047
[4,     1]      1.046
[4,     2]      1.046
[4,     3]      1.047
[4,     4]      1.048
[4,     5]      1.047
[4,     6]      1.049
[4,     7]      1.048
[4,     8]      1.051
[4,     9]      1.045
[4,    10]      1.048
[4,    11]      1.049
[4,    12]      1.047
[4,    13]      1.047
[4,    14]      1.049
[4,    15]      1.052
[4,    16]      1.049
[4,    17]      1.049
[4,    18]      1.048
[4,    19]      1.047
[4,    20]      1.047
[4,    21]      1.047
[4,    22]      1.046
[4,    23]      1.050
Epoch no 4 finished
Validation error after epoch 4 is: 1.047
[5,     1]      1.048
[5,     2]      1.046
[5,     3]      1.050
[5,     4]      1.045
[5,     5]      1.049
[5,     6]      1.051
[5,     7]      1.049
[5,     8]      1.048
[5,     9]      1.047
[5,    10]      1.049
[5,    11]      1.049
[5,    12]      1.047
[5,    13]      1.048
[5,    14]      1.047
[5,    15]      1.048
[5,    16]      1.047
[5,    17]      1.047
[5,    18]      1.047
[5,    19]      1.052
[5,    20]      1.047
[5,    21]      1.046
[5,    22]      1.049
[5,    23]      1.046
Epoch no 5 finished
Validation error after epoch 5 is: 1.047
[6,     1]      1.049
[6,     2]      1.049
[6,     3]      1.047
[6,     4]      1.047
[6,     5]      1.046
[6,     6]      1.049
[6,     7]      1.045
[6,     8]      1.047
[6,     9]      1.048
[6,    10]      1.047
[6,    11]      1.049
[6,    12]      1.046
[6,    13]      1.048
[6,    14]      1.048
[6,    15]      1.047
[6,    16]      1.051
[6,    17]      1.048
[6,    18]      1.046
[6,    19]      1.047
[6,    20]      1.050
[6,    21]      1.047
[6,    22]      1.052
[6,    23]      1.049
Epoch no 6 finished
Validation error after epoch 6 is: 1.047
[7,     1]      1.048
[7,     2]      1.049
[7,     3]      1.049
[7,     4]      1.048
[7,     5]      1.048
[7,     6]      1.052
[7,     7]      1.047
[7,     8]      1.048
[7,     9]      1.047
[7,    10]      1.051
[7,    11]      1.046
[7,    12]      1.046
[7,    13]      1.049
[7,    14]      1.047
[7,    15]      1.047
[7,    16]      1.047
[7,    17]      1.049
[7,    18]      1.047
[7,    19]      1.047
[7,    20]      1.045
[7,    21]      1.050
[7,    22]      1.046
[7,    23]      1.049
Epoch no 7 finished
Validation error after epoch 7 is: 1.047
[8,     1]      1.049
[8,     2]      1.046
[8,     3]      1.045
[8,     4]      1.049
[8,     5]      1.046
[8,     6]      1.049
[8,     7]      1.047
[8,     8]      1.048
[8,     9]      1.046
[8,    10]      1.048
[8,    11]      1.047
[8,    12]      1.047
[8,    13]      1.049
[8,    14]      1.048
[8,    15]      1.051
[8,    16]      1.047
[8,    17]      1.047
[8,    18]      1.047
[8,    19]      1.050
[8,    20]      1.052
[8,    21]      1.046
[8,    22]      1.049
[8,    23]      1.048
Epoch no 8 finished
Validation error after epoch 8 is: 1.047
[9,     1]      1.046
[9,     2]      1.049
[9,     3]      1.047
[9,     4]      1.049
[9,     5]      1.045
[9,     6]      1.047
[9,     7]      1.048
[9,     8]      1.047
[9,     9]      1.049
[9,    10]      1.047
[9,    11]      1.048
[9,    12]      1.046
[9,    13]      1.050
[9,    14]      1.051
[9,    15]      1.052
[9,    16]      1.049
[9,    17]      1.048
[9,    18]      1.047
[9,    19]      1.046
[9,    20]      1.046
[9,    21]      1.046
[9,    22]      1.049
[9,    23]      1.048
Epoch no 9 finished
Validation error after epoch 9 is: 1.047
[10,     1]      1.049
[10,     2]      1.048
[10,     3]      1.049
[10,     4]      1.049
[10,     5]      1.050
[10,     6]      1.047
[10,     7]      1.046
[10,     8]      1.046
[10,     9]      1.046
[10,    10]      1.047
[10,    11]      1.047
[10,    12]      1.052
[10,    13]      1.049
[10,    14]      1.045
[10,    15]      1.048
[10,    16]      1.047
[10,    17]      1.051
[10,    18]      1.046
[10,    19]      1.047
[10,    20]      1.049
[10,    21]      1.046
[10,    22]      1.048
[10,    23]      1.048
Epoch no 10 finished
Validation error after epoch 10 is: 1.047
Finished Training
Saving model to ./QM9_net.pth
